2019-08-22 10:30:54,172 p=21785 u=student |  ERROR! Syntax Error while loading YAML.
  did not find expected <document start>

The error appears to have been in '/home/student/troubleshoot-playbook/samba.conf.j2': line 3, column 7, but may
be elsewhere in the file depending on the exact syntax problem.

The offending line appears to be:

    [global]
      workgroup = KAMANSI
      ^ here

2019-08-22 10:31:45,136 p=21851 u=student |  ERROR! Syntax Error while loading YAML.
  mapping values are not allowed in this context

The error appears to have been in '/home/student/troubleshoot-playbook/samba.yml': line 8, column 30, but may
be elsewhere in the file depending on the exact syntax problem.

The offending line appears to be:

    install_state: installed
    random_var: This is colon: test
                             ^ here

2019-08-22 10:32:40,503 p=21886 u=student |  ERROR! Syntax Error while loading YAML.
  did not find expected key

The error appears to have been in '/home/student/troubleshoot-playbook/samba.yml': line 44, column 4, but may
be elsewhere in the file depending on the exact syntax problem.

The offending line appears to be:


   - name: deliver samba config
   ^ here

2019-08-22 10:33:10,486 p=21901 u=student |  ERROR! Syntax Error while loading YAML.
  found unacceptable key (unhashable type: 'AnsibleMapping')

The error appears to have been in '/home/student/troubleshoot-playbook/samba.yml': line 14, column 15, but may
be elsewhere in the file depending on the exact syntax problem.

The offending line appears to be:

      name: samba
      state: {{ install_state }}
              ^ here
We could be wrong, but this one looks like it might be an issue with
missing quotes.  Always quote template expression brackets when they
start a value. For instance:

    with_items:
      - {{ foo }}

Should be written as:

    with_items:
      - "{{ foo }}"

2019-08-22 10:33:53,678 passlib.registry registered 'md5_crypt' handler: <class 'passlib.handlers.md5_crypt.md5_crypt'>
2019-08-22 10:33:53,685 p=21908 u=student |  playbook: samba.yml
2019-08-22 10:34:31,502 passlib.registry registered 'md5_crypt' handler: <class 'passlib.handlers.md5_crypt.md5_crypt'>
2019-08-22 10:34:31,510 p=21924 u=student |  playbook: samba.yml
2019-08-22 10:34:53,867 passlib.registry registered 'md5_crypt' handler: <class 'passlib.handlers.md5_crypt.md5_crypt'>
2019-08-22 10:34:53,876 p=21933 u=student |  PLAY [Install a samba server] ***************************************************
2019-08-22 10:34:53,891 p=21933 u=student |  TASK [Gathering Facts] **********************************************************
2019-08-22 10:35:04,047 p=21933 u=student |  fatal: [servera.lab.exammple.com]: UNREACHABLE! => {"changed": false, "msg": "Failed to connect to the host via ssh: ssh: connect to host servera.lab.exammple.com port 22: Connection timed out\r\n", "unreachable": true}
2019-08-22 10:35:04,049 p=21933 u=student |  	to retry, use: --limit @/home/student/troubleshoot-playbook/samba.retry

2019-08-22 10:35:04,049 p=21933 u=student |  PLAY RECAP **********************************************************************
2019-08-22 10:35:04,049 p=21933 u=student |  servera.lab.exammple.com   : ok=0    changed=0    unreachable=1    failed=0   
2019-08-22 10:35:29,794 passlib.registry registered 'md5_crypt' handler: <class 'passlib.handlers.md5_crypt.md5_crypt'>
2019-08-22 10:35:29,803 p=21963 u=student |  PLAY [Install a samba server] ***************************************************
2019-08-22 10:35:29,818 p=21963 u=student |  TASK [Gathering Facts] **********************************************************
2019-08-22 10:35:31,460 p=21963 u=student |  ok: [servera.lab.example.com]
2019-08-22 10:35:31,493 p=21963 u=student |  TASK [install samba] ************************************************************
2019-08-22 10:35:45,909 p=21963 u=student |  changed: [servera.lab.example.com]
2019-08-22 10:35:45,939 p=21963 u=student |  TASK [install firewalld] ********************************************************
2019-08-22 10:35:47,022 p=21963 u=student |  ok: [servera.lab.example.com]
2019-08-22 10:35:47,049 p=21963 u=student |  TASK [debug install_state variable] *********************************************
2019-08-22 10:35:47,101 p=21963 u=student |  ok: [servera.lab.example.com] => {
    "msg": "The state for the samba service is installed"
}
2019-08-22 10:35:47,127 p=21963 u=student |  TASK [start samba] **************************************************************
2019-08-22 10:35:49,219 p=21963 u=student |  changed: [servera.lab.example.com]
2019-08-22 10:35:49,245 p=21963 u=student |  TASK [start firewalld] **********************************************************
2019-08-22 10:35:49,717 p=21963 u=student |  ok: [servera.lab.example.com]
2019-08-22 10:35:49,743 p=21963 u=student |  TASK [configure firewall for samba] *********************************************
2019-08-22 10:35:50,968 p=21963 u=student |  changed: [servera.lab.example.com]
2019-08-22 10:35:50,995 p=21963 u=student |  TASK [deliver samba config] *****************************************************
2019-08-22 10:35:51,151 p=21963 u=student |  fatal: [servera.lab.example.com]: FAILED! => {"changed": false, "msg": "Could not find or access 'samba.j2'\nSearched in:\n\t/home/student/troubleshoot-playbook/templates/samba.j2\n\t/home/student/troubleshoot-playbook/samba.j2\n\t/home/student/troubleshoot-playbook/templates/samba.j2\n\t/home/student/troubleshoot-playbook/samba.j2 on the Ansible Controller.\nIf you are using a module and expect the file to exist on the remote, see the remote_src option"}
2019-08-22 10:35:51,154 p=21963 u=student |  	to retry, use: --limit @/home/student/troubleshoot-playbook/samba.retry

2019-08-22 10:35:51,154 p=21963 u=student |  PLAY RECAP **********************************************************************
2019-08-22 10:35:51,154 p=21963 u=student |  servera.lab.example.com    : ok=7    changed=3    unreachable=0    failed=1   
2019-08-22 10:36:56,080 p=22048 u=student |  ERROR! You must specify a playbook file to run
2019-08-22 10:37:05,016 p=22053 u=student |  ERROR! You must specify a playbook file to run
2019-08-22 10:37:13,837 p=22070 u=student |   [WARNING]: Could not match supplied host pattern, ignoring: samba.retry

2019-08-22 10:37:13,838 p=22070 u=student |  ERROR! Specified hosts and/or --limit does not match any hosts
2019-08-22 10:37:20,471 passlib.registry registered 'md5_crypt' handler: <class 'passlib.handlers.md5_crypt.md5_crypt'>
2019-08-22 10:37:20,480 p=22076 u=student |  PLAY [Install a samba server] ***************************************************
2019-08-22 10:37:20,497 p=22076 u=student |  TASK [Gathering Facts] **********************************************************
2019-08-22 10:37:22,193 p=22076 u=student |  ok: [servera.lab.example.com]
2019-08-22 10:37:22,229 p=22076 u=student |  TASK [install samba] ************************************************************
2019-08-22 10:37:23,270 p=22076 u=student |  ok: [servera.lab.example.com]
2019-08-22 10:37:23,297 p=22076 u=student |  TASK [install firewalld] ********************************************************
2019-08-22 10:37:24,054 p=22076 u=student |  ok: [servera.lab.example.com]
2019-08-22 10:37:24,081 p=22076 u=student |  TASK [debug install_state variable] *********************************************
2019-08-22 10:37:24,139 p=22076 u=student |  ok: [servera.lab.example.com] => {
    "msg": "The state for the samba service is installed"
}
2019-08-22 10:37:24,171 p=22076 u=student |  TASK [start samba] **************************************************************
2019-08-22 10:37:24,874 p=22076 u=student |  ok: [servera.lab.example.com]
2019-08-22 10:37:24,900 p=22076 u=student |  TASK [start firewalld] **********************************************************
2019-08-22 10:37:25,354 p=22076 u=student |  ok: [servera.lab.example.com]
2019-08-22 10:37:25,381 p=22076 u=student |  TASK [configure firewall for samba] *********************************************
2019-08-22 10:37:26,507 p=22076 u=student |  ok: [servera.lab.example.com]
2019-08-22 10:37:26,535 p=22076 u=student |  TASK [deliver samba config] *****************************************************
2019-08-22 10:37:27,795 p=22076 u=student |  changed: [servera.lab.example.com]
2019-08-22 10:37:27,798 p=22076 u=student |  PLAY RECAP **********************************************************************
2019-08-22 10:37:27,798 p=22076 u=student |  servera.lab.example.com    : ok=8    changed=1    unreachable=0    failed=0   
